Angel,angel,8,13119,1318529800
Apple Bloom,applebloom,11,184871,1317067200
Applejack,applejack,15,230894,1319307285
Big Mac,bigmac,10,136878,1318529800
Bon-Bon,bonbon,10,1961726,1319329111
Braeburn,braeburn,6,47748,1318699183
Carrot Top,carrottop,15,194261,1318699183
Colgate,colgate,12,74476,1318699183
Derpy,derpy,30,410443,1317067200
Dj Pon-3,djpon3,34,298807,1317067200
Doctor Whooves,doctorwhooves,9,42410,1317067200
Fluttershy,fluttershy,14,184024,1317067200
Gilda,gilda,6,76717,1317067200
Lyra,lyra,12,1919233,1319329111
Mayor Mare,mayormare,6,47194,1318699183
Octavia,octavia,7,73241,1317067200
Photo Finish,photofinish,11,164511,1317067200
Pinkie Pie,pinkiepie,106,3014822,1318699200
Princess Celestia,princesscelestia,10,887022,1318529800
Princess Luna,luna,17,204667,1317067200
Rainbow Dash,rainbowdash,26,660865,1319329111
Rarity,rarity,12,119171,1317067200
Scootaloo,scootaloo,10,77512,1317067200
Soarin',soarin,10,85436,1318699183
Spike,spike,12,46905,1318529800
Spitfire,spitfire,8,87666,1318699183
Sweetie Belle,sweetiebelle,12,59551,1317067200
Trixie,trixie,11,330697,1318529800
Twilight Sparkle,twilightsparkle,16,252732,1317067200
Zecora,zecora,9,120244,1317067200